Log file open, 01/27/21 17:42:47
LogInit: Display: Running engine for game: GGJ2021
LogPlatformFile: Not using cached read wrapper
LogTaskGraph: Started task graph with 5 named threads and 35 total threads with 3 sets of task threads.
LogStats: Stats thread started at 0.180621
LogD3D11RHI: Loaded GFSDK_Aftermath_Lib.x64.dll
LogICUInternationalization: ICU TimeZone Detection - Raw Offset: -7:00, Platform Override: ''
LogPluginManager: Mounting plugin Paper2D
LogPluginManager: Mounting plugin AISupport
LogPluginManager: Mounting plugin LightPropagationVolume
LogPluginManager: Mounting plugin CameraShakePreviewer
LogPluginManager: Mounting plugin ActorLayerUtilities
LogPluginManager: Mounting plugin AnimationSharing
LogPluginManager: Mounting plugin CLionSourceCodeAccess
LogPluginManager: Mounting plugin CodeLiteSourceCodeAccess
LogPluginManager: Mounting plugin GitSourceControl
LogPluginManager: Mounting plugin KDevelopSourceCodeAccess
LogPluginManager: Mounting plugin NullSourceCodeAccess
LogPluginManager: Mounting plugin PerforceSourceControl
LogPluginManager: Mounting plugin PlasticSourceControl
LogPluginManager: Mounting plugin RiderSourceCodeAccess
LogPluginManager: Mounting plugin SubversionSourceControl
LogPluginManager: Mounting plugin UObjectPlugin
LogPluginManager: Mounting plugin VisualStudioCodeSourceCodeAccess
LogPluginManager: Mounting plugin VisualStudioSourceCodeAccess
LogPluginManager: Mounting plugin XCodeSourceCodeAccess
LogPluginManager: Mounting plugin AssetManagerEditor
LogPluginManager: Mounting plugin CryptoKeys
LogPluginManager: Mounting plugin CurveEditorTools
LogPluginManager: Mounting plugin DataValidation
LogPluginManager: Mounting plugin EditorScriptingUtilities
LogPluginManager: Mounting plugin FacialAnimation
LogPluginManager: Mounting plugin GameplayTagsEditor
LogPluginManager: Mounting plugin GeometryMode
LogPluginManager: Mounting plugin MacGraphicsSwitching
LogPluginManager: Mounting plugin MaterialAnalyzer
LogPluginManager: Mounting plugin MobileLauncherProfileWizard
LogPluginManager: Mounting plugin PluginBrowser
LogPluginManager: Mounting plugin SpeedTreeImporter
LogPluginManager: Mounting plugin DatasmithContent
LogPluginManager: Mounting plugin VariantManagerContent
LogPluginManager: Mounting plugin AlembicImporter
LogPluginManager: Mounting plugin AutomationUtils
LogPluginManager: Mounting plugin BackChannel
LogPluginManager: Mounting plugin ChaosCloth
LogPluginManager: Mounting plugin ChaosClothEditor
LogPluginManager: Mounting plugin ChaosEditor
LogPluginManager: Mounting plugin ChaosNiagara
LogPluginManager: Mounting plugin ChaosSolverPlugin
LogPluginManager: Mounting plugin CharacterAI
LogPluginManager: Mounting plugin GeometryCache
LogPluginManager: Mounting plugin GeometryCollectionPlugin
LogPluginManager: Mounting plugin GeometryProcessing
LogPluginManager: Mounting plugin PlanarCut
LogPluginManager: Mounting plugin PlatformCrypto
LogPluginManager: Mounting plugin ProxyLODPlugin
LogPluginManager: Mounting plugin SkeletalReduction
LogPluginManager: Mounting plugin Niagara
LogPluginManager: Mounting plugin MagicLeap
LogPluginManager: Mounting plugin MagicLeapLightEstimation
LogPluginManager: Mounting plugin MagicLeapMedia
LogPluginManager: Mounting plugin MagicLeapPassableWorld
LogPluginManager: Mounting plugin MLSDK
LogPluginManager: Mounting plugin AndroidMedia
LogPluginManager: Mounting plugin AvfMedia
LogPluginManager: Mounting plugin ImgMedia
LogPluginManager: Mounting plugin MediaCompositing
LogPluginManager: Mounting plugin MediaPlayerEditor
LogPluginManager: Mounting plugin WebMMedia
LogPluginManager: Mounting plugin WmfMedia
LogPluginManager: Mounting plugin MeshPainting
LogPluginManager: Mounting plugin TcpMessaging
LogPluginManager: Mounting plugin UdpMessaging
LogPluginManager: Mounting plugin ActorSequence
LogPluginManager: Mounting plugin LevelSequenceEditor
LogPluginManager: Mounting plugin MatineeToLevelSequence
LogPluginManager: Mounting plugin MovieRenderPipeline
LogPluginManager: Mounting plugin TemplateSequence
LogPluginManager: Mounting plugin NetcodeUnitTest
LogPluginManager: Mounting plugin NUTUnrealEngine4
LogPluginManager: Mounting plugin OnlineSubsystemGooglePlay
LogPluginManager: Mounting plugin OnlineSubsystemIOS
LogPluginManager: Mounting plugin OnlineSubsystem
LogPluginManager: Mounting plugin OnlineSubsystemNull
LogPluginManager: Mounting plugin OnlineSubsystemUtils
LogPluginManager: Mounting plugin LauncherChunkInstaller
LogPluginManager: Mounting plugin AndroidDeviceProfileSelector
LogPluginManager: Mounting plugin AndroidMoviePlayer
LogPluginManager: Mounting plugin AndroidPermission
LogPluginManager: Mounting plugin AppleImageUtils
LogPluginManager: Mounting plugin AppleMoviePlayer
LogPluginManager: Mounting plugin ArchVisCharacter
LogPluginManager: Mounting plugin AssetTags
LogPluginManager: Mounting plugin AudioCapture
LogPluginManager: Mounting plugin CableComponent
LogPluginManager: Mounting plugin CustomMeshComponent
LogPluginManager: Mounting plugin EditableMesh
LogPluginManager: Mounting plugin ExampleDeviceProfileSelector
LogPluginManager: Mounting plugin GoogleCloudMessaging
LogPluginManager: Mounting plugin GooglePAD
LogPluginManager: Mounting plugin IOSDeviceProfileSelector
LogPluginManager: Mounting plugin LinuxDeviceProfileSelector
LogPluginManager: Mounting plugin LocationServicesBPLibrary
LogPluginManager: Mounting plugin MobilePatchingUtils
LogPluginManager: Mounting plugin OculusVR
LogPluginManager: Mounting plugin PhysXVehicles
LogPluginManager: Mounting plugin PostSplashScreen
LogPluginManager: Mounting plugin ProceduralMeshComponent
LogPluginManager: Mounting plugin RuntimePhysXCooking
LogPluginManager: Mounting plugin SignificanceManager
LogPluginManager: Mounting plugin SoundFields
LogPluginManager: Mounting plugin SteamVR
LogPluginManager: Mounting plugin Synthesis
LogPluginManager: Mounting plugin WebMMoviePlayer
LogPluginManager: Mounting plugin WindowsMoviePlayer
LogPluginManager: Mounting plugin ScreenshotTools
LogInit: Using libcurl 7.55.1-DEV
LogInit:  - built for x86_64-pc-win32
LogInit:  - supports SSL with OpenSSL/1.1.1
LogInit:  - supports HTTP deflate (compression) using libz 1.2.8
LogInit:  - other features:
LogInit:      CURL_VERSION_SSL
LogInit:      CURL_VERSION_LIBZ
LogInit:      CURL_VERSION_IPV6
LogInit:      CURL_VERSION_ASYNCHDNS
LogInit:      CURL_VERSION_LARGEFILE
LogInit:      CURL_VERSION_IDN
LogInit:  CurlRequestOptions (configurable via config and command line):
LogInit:  - bVerifyPeer = true  - Libcurl will verify peer certificate
LogInit:  - bUseHttpProxy = false  - Libcurl will NOT use HTTP proxy
LogInit:  - bDontReuseConnections = false  - Libcurl will reuse connections
LogInit:  - MaxHostConnections = 16  - Libcurl will limit the number of connections to a host
LogInit:  - LocalHostAddr = Default
LogInit:  - BufferSize = 65536
LogOnline: OSS: Creating online subsystem instance for: NULL
LogInit: WinSock: version 1.1 (2.2), MaxSocks=32767, MaxUdp=65467
LogOnline: OSS: TryLoadSubsystemAndSetDefault: Loaded subsystem for module [NULL]
LogInit: Build: ++UE4+Release-4.25-CL-14469661
LogInit: Engine Version: 4.25.4-14469661+++UE4+Release-4.25
LogInit: Compatible Engine Version: 4.25.0-13144385+++UE4+Release-4.25
LogInit: Net CL: 13144385
LogInit: OS: Windows 10 (Release 1909) (), CPU: Intel(R) Core(TM) i7-10750H CPU @ 2.60GHz, GPU: Intel(R) UHD Graphics
LogInit: Compiled (64-bit): Oct 11 2020 08:10:49
LogInit: Compiled with Visual C++: 19.24.28315.00
LogInit: Build Configuration: Development
LogInit: Branch Name: ++UE4+Release-4.25
LogInit: Command Line:  -EpicPortal -epicusername=H34d1ess -epicuserid=f57fefa24c5747d0875f47f78ddc81ae -epiclocale=en
LogInit: Base Directory: C:/Program Files/Epic Games/UE_4.25/Engine/Binaries/Win64/
LogInit: Allocator: TBB
LogInit: Installed Engine Build: 1
LogDevObjectVersion: Number of dev versions registered: 26
LogDevObjectVersion:   Dev-Blueprints (B0D832E4-1F89-4F0D-ACCF-7EB736FD4AA2): 10
LogDevObjectVersion:   Dev-Build (E1C64328-A22C-4D53-A36C-8E866417BD8C): 0
LogDevObjectVersion:   Dev-Core (375EC13C-06E4-48FB-B500-84F0262A717E): 4
LogDevObjectVersion:   Dev-Editor (E4B068ED-F494-42E9-A231-DA0B2E46BB41): 38
LogDevObjectVersion:   Dev-Framework (CFFC743F-43B0-4480-9391-14DF171D2073): 37
LogDevObjectVersion:   Dev-Mobile (B02B49B5-BB20-44E9-A304-32B752E40360): 2
LogDevObjectVersion:   Dev-Networking (A4E4105C-59A1-49B5-A7C5-40C4547EDFEE): 0
LogDevObjectVersion:   Dev-Online (39C831C9-5AE6-47DC-9A44-9C173E1C8E7C): 0
LogDevObjectVersion:   Dev-Physics (78F01B33-EBEA-4F98-B9B4-84EACCB95AA2): 4
LogDevObjectVersion:   Dev-Platform (6631380F-2D4D-43E0-8009-CF276956A95A): 0
LogDevObjectVersion:   Dev-Rendering (12F88B9F-8875-4AFC-A67C-D90C383ABD29): 43
LogDevObjectVersion:   Dev-Sequencer (7B5AE74C-D270-4C10-A958-57980B212A5A): 12
LogDevObjectVersion:   Dev-VR (D7296918-1DD6-4BDD-9DE2-64A83CC13884): 3
LogDevObjectVersion:   Dev-LoadTimes (C2A15278-BFE7-4AFE-6C17-90FF531DF755): 1
LogDevObjectVersion:   Private-Geometry (6EACA3D4-40EC-4CC1-B786-8BED09428FC5): 3
LogDevObjectVersion:   Dev-AnimPhys (29E575DD-E0A3-4627-9D10-D276232CDCEA): 17
LogDevObjectVersion:   Dev-Anim (AF43A65D-7FD3-4947-9873-3E8ED9C1BB05): 7
LogDevObjectVersion:   Dev-ReflectionCapture (6B266CEC-1EC7-4B8F-A30B-E4D90942FC07): 1
LogDevObjectVersion:   Dev-Automation (0DF73D61-A23F-47EA-B727-89E90C41499A): 1
LogDevObjectVersion:   FortniteMain (601D1886-AC64-4F84-AA16-D3DE0DEAC7D6): 31
LogDevObjectVersion:   Dev-Enterprise (9DFFBCD6-494F-0158-E221-12823C92A888): 10
LogDevObjectVersion:   Dev-Niagara (F2AED0AC-9AFE-416F-8664-AA7FFA26D6FC): 1
LogDevObjectVersion:   Dev-Destruction (174F1F0B-B4C6-45A5-B13F-2EE8D0FB917D): 10
LogDevObjectVersion:   Dev-Physics-Ext (35F94A83-E258-406C-A318-09F59610247C): 37
LogDevObjectVersion:   Dev-PhysicsMaterial-Chaos (B68FC16E-8B1B-42E2-B453-215C058844FE): 1
LogDevObjectVersion:   Dev-CineCamera (B2E18506-4273-CFC2-A54E-F4BB758BBA07): 1
LogInit: Presizing for max 25165824 objects, including 0 objects not considered by GC, pre-allocating 0 bytes for permanent pool.
LogConfig: Applying CVar settings from Section [/Script/Engine.StreamingSettings] File [C:/Users/gmlee/OneDrive/Documents/GitHub/GGJ2021/Saved/Config/Windows/Engine.ini]
LogConfig: Setting CVar [[s.MinBulkDataSizeForAsyncLoading:131072]]
LogConfig: Setting CVar [[s.AsyncLoadingThreadEnabled:0]]
LogConfig: Setting CVar [[s.EventDrivenLoaderEnabled:1]]
LogConfig: Setting CVar [[s.WarnIfTimeLimitExceeded:0]]
LogConfig: Setting CVar [[s.TimeLimitExceededMultiplier:1.5]]
LogConfig: Setting CVar [[s.TimeLimitExceededMinTime:0.005]]
LogConfig: Setting CVar [[s.UseBackgroundLevelStreaming:1]]
LogConfig: Setting CVar [[s.PriorityAsyncLoadingExtraTime:15.0]]
LogConfig: Setting CVar [[s.LevelStreamingActorsUpdateTimeLimit:5.0]]
LogConfig: Setting CVar [[s.PriorityLevelStreamingActorsUpdateExtraTime:5.0]]
LogConfig: Setting CVar [[s.LevelStreamingComponentsRegistrationGranularity:10]]
LogConfig: Setting CVar [[s.UnregisterComponentsTimeLimit:1.0]]
LogConfig: Setting CVar [[s.LevelStreamingComponentsUnregistrationGranularity:5]]
LogConfig: Setting CVar [[s.FlushStreamingOnExit:1]]
LogInit: Object subsystem initialized
LogConfig: Setting CVar [[con.DebugEarlyDefault:1]]
LogConfig: Setting CVar [[r.setres:1280x720]]
[2021.01.28-00.42.47:380][  0]LogConfig: Setting CVar [[r.VSync:0]]
[2021.01.28-00.42.47:380][  0]LogConfig: Setting CVar [[r.RHICmdBypass:0]]
[2021.01.28-00.42.47:380][  0]LogConfig: Applying CVar settings from Section [/Script/Engine.RendererSettings] File [C:/Users/gmlee/OneDrive/Documents/GitHub/GGJ2021/Saved/Config/Windows/Engine.ini]
[2021.01.28-00.42.47:380][  0]LogConfig: Setting CVar [[r.GPUCrashDebugging:0]]
[2021.01.28-00.42.47:380][  0]LogConfig: Applying CVar settings from Section [/Script/Engine.RendererOverrideSettings] File [C:/Users/gmlee/OneDrive/Documents/GitHub/GGJ2021/Saved/Config/Windows/Engine.ini]
[2021.01.28-00.42.47:380][  0]LogConfig: Applying CVar settings from Section [/Script/Engine.StreamingSettings] File [C:/Users/gmlee/OneDrive/Documents/GitHub/GGJ2021/Saved/Config/Windows/Engine.ini]
[2021.01.28-00.42.47:380][  0]LogConfig: Setting CVar [[s.MinBulkDataSizeForAsyncLoading:131072]]
[2021.01.28-00.42.47:380][  0]LogConfig: Setting CVar [[s.AsyncLoadingThreadEnabled:0]]
[2021.01.28-00.42.47:380][  0]LogConfig: Setting CVar [[s.EventDrivenLoaderEnabled:1]]
[2021.01.28-00.42.47:380][  0]LogConfig: Setting CVar [[s.WarnIfTimeLimitExceeded:0]]
[2021.01.28-00.42.47:380][  0]LogConfig: Setting CVar [[s.TimeLimitExceededMultiplier:1.5]]
[2021.01.28-00.42.47:380][  0]LogConfig: Setting CVar [[s.TimeLimitExceededMinTime:0.005]]
[2021.01.28-00.42.47:380][  0]LogConfig: Setting CVar [[s.UseBackgroundLevelStreaming:1]]
[2021.01.28-00.42.47:380][  0]LogConfig: Setting CVar [[s.PriorityAsyncLoadingExtraTime:15.0]]
[2021.01.28-00.42.47:380][  0]LogConfig: Setting CVar [[s.LevelStreamingActorsUpdateTimeLimit:5.0]]
[2021.01.28-00.42.47:380][  0]LogConfig: Setting CVar [[s.PriorityLevelStreamingActorsUpdateExtraTime:5.0]]
[2021.01.28-00.42.47:380][  0]LogConfig: Setting CVar [[s.LevelStreamingComponentsRegistrationGranularity:10]]
[2021.01.28-00.42.47:380][  0]LogConfig: Setting CVar [[s.UnregisterComponentsTimeLimit:1.0]]
[2021.01.28-00.42.47:380][  0]LogConfig: Setting CVar [[s.LevelStreamingComponentsUnregistrationGranularity:5]]
[2021.01.28-00.42.47:380][  0]LogConfig: Setting CVar [[s.FlushStreamingOnExit:1]]
[2021.01.28-00.42.47:380][  0]LogConfig: Applying CVar settings from Section [/Script/Engine.GarbageCollectionSettings] File [C:/Users/gmlee/OneDrive/Documents/GitHub/GGJ2021/Saved/Config/Windows/Engine.ini]
[2021.01.28-00.42.47:380][  0]LogConfig: Setting CVar [[gc.MaxObjectsNotConsideredByGC:1]]
[2021.01.28-00.42.47:380][  0]LogConfig: Setting CVar [[gc.SizeOfPermanentObjectPool:0]]
[2021.01.28-00.42.47:380][  0]LogConfig: Setting CVar [[gc.FlushStreamingOnGC:0]]
[2021.01.28-00.42.47:380][  0]LogConfig: Setting CVar [[gc.NumRetriesBeforeForcingGC:10]]
[2021.01.28-00.42.47:380][  0]LogConfig: Setting CVar [[gc.AllowParallelGC:1]]
[2021.01.28-00.42.47:380][  0]LogConfig: Setting CVar [[gc.TimeBetweenPurgingPendingKillObjects:61.1]]
[2021.01.28-00.42.47:380][  0]LogConfig: Setting CVar [[gc.MaxObjectsInEditor:25165824]]
[2021.01.28-00.42.47:380][  0]LogConfig: Setting CVar [[gc.IncrementalBeginDestroyEnabled:1]]
[2021.01.28-00.42.47:380][  0]LogConfig: Setting CVar [[gc.CreateGCClusters:1]]
[2021.01.28-00.42.47:380][  0]LogConfig: Setting CVar [[gc.MinGCClusterSize:5]]
[2021.01.28-00.42.47:380][  0]LogConfig: Setting CVar [[gc.ActorClusteringEnabled:0]]
[2021.01.28-00.42.47:380][  0]LogConfig: Setting CVar [[gc.BlueprintClusteringEnabled:0]]
[2021.01.28-00.42.47:380][  0]LogConfig: Setting CVar [[gc.UseDisregardForGCOnDedicatedServers:0]]
[2021.01.28-00.42.47:380][  0]LogConfig: Applying CVar settings from Section [/Script/Engine.NetworkSettings] File [C:/Users/gmlee/OneDrive/Documents/GitHub/GGJ2021/Saved/Config/Windows/Engine.ini]
[2021.01.28-00.42.47:380][  0]LogConfig: Applying CVar settings from Section [/Script/UnrealEd.CookerSettings] File [C:/Users/gmlee/OneDrive/Documents/GitHub/GGJ2021/Saved/Config/Windows/Engine.ini]
[2021.01.28-00.42.47:383][  0]LogConfig: Applying CVar settings from Section [ViewDistanceQuality@3] File [C:/Users/gmlee/OneDrive/Documents/GitHub/GGJ2021/Saved/Config/Windows/Scalability.ini]
[2021.01.28-00.42.47:383][  0]LogConfig: Setting CVar [[r.SkeletalMeshLODBias:0]]
[2021.01.28-00.42.47:383][  0]LogConfig: Setting CVar [[r.ViewDistanceScale:1.0]]
[2021.01.28-00.42.47:383][  0]LogConfig: Applying CVar settings from Section [AntiAliasingQuality@3] File [C:/Users/gmlee/OneDrive/Documents/GitHub/GGJ2021/Saved/Config/Windows/Scalability.ini]
[2021.01.28-00.42.47:383][  0]LogConfig: Setting CVar [[r.PostProcessAAQuality:4]]
[2021.01.28-00.42.47:383][  0]LogConfig: Applying CVar settings from Section [ShadowQuality@3] File [C:/Users/gmlee/OneDrive/Documents/GitHub/GGJ2021/Saved/Config/Windows/Scalability.ini]
[2021.01.28-00.42.47:383][  0]LogConfig: Setting CVar [[r.LightFunctionQuality:1]]
[2021.01.28-00.42.47:383][  0]LogConfig: Setting CVar [[r.ShadowQuality:5]]
[2021.01.28-00.42.47:383][  0]LogConfig: Setting CVar [[r.Shadow.CSM.MaxCascades:10]]
[2021.01.28-00.42.47:383][  0]LogConfig: Setting CVar [[r.Shadow.MaxResolution:2048]]
[2021.01.28-00.42.47:383][  0]LogConfig: Setting CVar [[r.Shadow.MaxCSMResolution:2048]]
[2021.01.28-00.42.47:383][  0]LogConfig: Setting CVar [[r.Shadow.RadiusThreshold:0.01]]
[2021.01.28-00.42.47:383][  0]LogConfig: Setting CVar [[r.Shadow.DistanceScale:1.0]]
[2021.01.28-00.42.47:383][  0]LogConfig: Setting CVar [[r.Shadow.CSM.TransitionScale:1.0]]
[2021.01.28-00.42.47:383][  0]LogConfig: Setting CVar [[r.Shadow.PreShadowResolutionFactor:1.0]]
[2021.01.28-00.42.47:383][  0]LogConfig: Setting CVar [[r.DistanceFieldShadowing:1]]
[2021.01.28-00.42.47:383][  0]LogConfig: Setting CVar [[r.DistanceFieldAO:1]]
[2021.01.28-00.42.47:383][  0]LogConfig: Setting CVar [[r.AOQuality:2]]
[2021.01.28-00.42.47:383][  0]LogConfig: Setting CVar [[r.VolumetricFog:1]]
[2021.01.28-00.42.47:383][  0]LogConfig: Setting CVar [[r.VolumetricFog.GridPixelSize:8]]
[2021.01.28-00.42.47:383][  0]LogConfig: Setting CVar [[r.VolumetricFog.GridSizeZ:128]]
[2021.01.28-00.42.47:383][  0]LogConfig: Setting CVar [[r.VolumetricFog.HistoryMissSupersampleCount:4]]
[2021.01.28-00.42.47:383][  0]LogConfig: Setting CVar [[r.LightMaxDrawDistanceScale:1]]
[2021.01.28-00.42.47:383][  0]LogConfig: Setting CVar [[r.CapsuleShadows:1]]
[2021.01.28-00.42.47:383][  0]LogConfig: Applying CVar settings from Section [PostProcessQuality@3] File [C:/Users/gmlee/OneDrive/Documents/GitHub/GGJ2021/Saved/Config/Windows/Scalability.ini]
[2021.01.28-00.42.47:383][  0]LogConfig: Setting CVar [[r.MotionBlurQuality:4]]
[2021.01.28-00.42.47:383][  0]LogConfig: Setting CVar [[r.AmbientOcclusionMipLevelFactor:0.4]]
[2021.01.28-00.42.47:383][  0]LogConfig: Setting CVar [[r.AmbientOcclusionMaxQuality:100]]
[2021.01.28-00.42.47:383][  0]LogConfig: Setting CVar [[r.AmbientOcclusionLevels:-1]]
[2021.01.28-00.42.47:383][  0]LogConfig: Setting CVar [[r.AmbientOcclusionRadiusScale:1.0]]
[2021.01.28-00.42.47:383][  0]LogConfig: Setting CVar [[r.DepthOfFieldQuality:2]]
[2021.01.28-00.42.47:383][  0]LogConfig: Setting CVar [[r.RenderTargetPoolMin:400]]
[2021.01.28-00.42.47:383][  0]LogConfig: Setting CVar [[r.LensFlareQuality:2]]
[2021.01.28-00.42.47:383][  0]LogConfig: Setting CVar [[r.SceneColorFringeQuality:1]]
[2021.01.28-00.42.47:383][  0]LogConfig: Setting CVar [[r.EyeAdaptationQuality:2]]
[2021.01.28-00.42.47:383][  0]LogConfig: Setting CVar [[r.BloomQuality:5]]
[2021.01.28-00.42.47:383][  0]LogConfig: Setting CVar [[r.FastBlurThreshold:100]]
[2021.01.28-00.42.47:383][  0]LogConfig: Setting CVar [[r.Upscale.Quality:3]]
[2021.01.28-00.42.47:383][  0]LogConfig: Setting CVar [[r.Tonemapper.GrainQuantization:1]]
[2021.01.28-00.42.47:383][  0]LogConfig: Setting CVar [[r.LightShaftQuality:1]]
[2021.01.28-00.42.47:383][  0]LogConfig: Setting CVar [[r.Filter.SizeScale:1]]
[2021.01.28-00.42.47:383][  0]LogConfig: Setting CVar [[r.Tonemapper.Quality:5]]
[2021.01.28-00.42.47:383][  0]LogConfig: Setting CVar [[r.DOF.Gather.AccumulatorQuality:1        ; higher gathering accumulator quality]]
[2021.01.28-00.42.47:383][  0]LogConfig: Setting CVar [[r.DOF.Gather.PostfilterMethod:1          ; Median3x3 postfilering method]]
[2021.01.28-00.42.47:383][  0]LogConfig: Setting CVar [[r.DOF.Gather.EnableBokehSettings:0       ; no bokeh simulation when gathering]]
[2021.01.28-00.42.47:383][  0]LogConfig: Setting CVar [[r.DOF.Gather.RingCount:4                 ; medium number of samples when gathering]]
[2021.01.28-00.42.47:383][  0]LogConfig: Setting CVar [[r.DOF.Scatter.ForegroundCompositing:1    ; additive foreground scattering]]
[2021.01.28-00.42.47:383][  0]LogConfig: Setting CVar [[r.DOF.Scatter.BackgroundCompositing:2    ; additive background scattering]]
[2021.01.28-00.42.47:383][  0]LogConfig: Setting CVar [[r.DOF.Scatter.EnableBokehSettings:1      ; bokeh simulation when scattering]]
[2021.01.28-00.42.47:383][  0]LogConfig: Setting CVar [[r.DOF.Scatter.MaxSpriteRatio:0.1         ; only a maximum of 10% of scattered bokeh]]
[2021.01.28-00.42.47:383][  0]LogConfig: Setting CVar [[r.DOF.Recombine.Quality:1                ; cheap slight out of focus]]
[2021.01.28-00.42.47:384][  0]LogConfig: Setting CVar [[r.DOF.Recombine.EnableBokehSettings:0    ; no bokeh simulation on slight out of focus]]
[2021.01.28-00.42.47:384][  0]LogConfig: Setting CVar [[r.DOF.TemporalAAQuality:1                ; more stable temporal accumulation]]
[2021.01.28-00.42.47:384][  0]LogConfig: Setting CVar [[r.DOF.Kernel.MaxForegroundRadius:0.025]]
[2021.01.28-00.42.47:384][  0]LogConfig: Setting CVar [[r.DOF.Kernel.MaxBackgroundRadius:0.025]]
[2021.01.28-00.42.47:384][  0]LogConfig: Applying CVar settings from Section [TextureQuality@3] File [C:/Users/gmlee/OneDrive/Documents/GitHub/GGJ2021/Saved/Config/Windows/Scalability.ini]
[2021.01.28-00.42.47:384][  0]LogConfig: Setting CVar [[r.Streaming.MipBias:0]]
[2021.01.28-00.42.47:384][  0]LogConfig: Setting CVar [[r.Streaming.AmortizeCPUToGPUCopy:0]]
[2021.01.28-00.42.47:384][  0]LogConfig: Setting CVar [[r.Streaming.MaxNumTexturesToStreamPerFrame:0]]
[2021.01.28-00.42.47:384][  0]LogConfig: Setting CVar [[r.Streaming.Boost:1]]
[2021.01.28-00.42.47:384][  0]LogConfig: Setting CVar [[r.MaxAnisotropy:8]]
[2021.01.28-00.42.47:384][  0]LogConfig: Setting CVar [[r.VT.MaxAnisotropy:8]]
[2021.01.28-00.42.47:384][  0]LogConfig: Setting CVar [[r.Streaming.LimitPoolSizeToVRAM:0]]
[2021.01.28-00.42.47:384][  0]LogConfig: Setting CVar [[r.Streaming.PoolSize:1000]]
[2021.01.28-00.42.47:384][  0]LogConfig: Setting CVar [[r.Streaming.MaxEffectiveScreenSize:0]]
[2021.01.28-00.42.47:384][  0]LogConfig: Applying CVar settings from Section [EffectsQuality@3] File [C:/Users/gmlee/OneDrive/Documents/GitHub/GGJ2021/Saved/Config/Windows/Scalability.ini]
[2021.01.28-00.42.47:384][  0]LogConfig: Setting CVar [[r.TranslucencyLightingVolumeDim:64]]
[2021.01.28-00.42.47:384][  0]LogConfig: Setting CVar [[r.RefractionQuality:2]]
[2021.01.28-00.42.47:384][  0]LogConfig: Setting CVar [[r.SSR.Quality:3]]
[2021.01.28-00.42.47:384][  0]LogConfig: Setting CVar [[r.SSR.HalfResSceneColor:0]]
[2021.01.28-00.42.47:384][  0]LogConfig: Setting CVar [[r.SceneColorFormat:4]]
[2021.01.28-00.42.47:384][  0]LogConfig: Setting CVar [[r.DetailMode:2]]
[2021.01.28-00.42.47:384][  0]LogConfig: Setting CVar [[r.TranslucencyVolumeBlur:1]]
[2021.01.28-00.42.47:384][  0]LogConfig: Setting CVar [[r.MaterialQualityLevel:1 ; High quality]]
[2021.01.28-00.42.47:384][  0]LogConfig: Setting CVar [[r.SSS.Scale:1]]
[2021.01.28-00.42.47:384][  0]LogConfig: Setting CVar [[r.SSS.SampleSet:2]]
[2021.01.28-00.42.47:384][  0]LogConfig: Setting CVar [[r.SSS.Quality:1]]
[2021.01.28-00.42.47:384][  0]LogConfig: Setting CVar [[r.SSS.HalfRes:0]]
[2021.01.28-00.42.47:384][  0]LogConfig: Setting CVar [[r.SSGI.Quality:3]]
[2021.01.28-00.42.47:384][  0]LogConfig: Setting CVar [[r.EmitterSpawnRateScale:1.0]]
[2021.01.28-00.42.47:384][  0]LogConfig: Setting CVar [[r.ParticleLightQuality:2]]
[2021.01.28-00.42.47:384][  0]LogConfig: Setting CVar [[r.SkyAtmosphere.AerialPerspectiveLUT.FastApplyOnOpaque:1 ; Always have FastSkyLUT 1 in this case to avoid wrong sky]]
[2021.01.28-00.42.47:384][  0]LogConfig: Setting CVar [[r.SkyAtmosphere.AerialPerspectiveLUT.SampleCountPerSlice:1]]
[2021.01.28-00.42.47:384][  0]LogConfig: Setting CVar [[r.SkyAtmosphere.AerialPerspectiveLUT.DepthResolution:16.0]]
[2021.01.28-00.42.47:384][  0]LogConfig: Setting CVar [[r.SkyAtmosphere.FastSkyLUT:1]]
[2021.01.28-00.42.47:384][  0]LogConfig: Setting CVar [[r.SkyAtmosphere.FastSkyLUT.SampleCountMin:4.0]]
[2021.01.28-00.42.47:384][  0]LogConfig: Setting CVar [[r.SkyAtmosphere.FastSkyLUT.SampleCountMax:32.0]]
[2021.01.28-00.42.47:384][  0]LogConfig: Setting CVar [[r.SkyAtmosphere.SampleCountMin:4.0]]
[2021.01.28-00.42.47:384][  0]LogConfig: Setting CVar [[r.SkyAtmosphere.SampleCountMax:32.0]]
[2021.01.28-00.42.47:384][  0]LogConfig: Setting CVar [[r.SkyAtmosphere.TransmittanceLUT.UseSmallFormat:0]]
[2021.01.28-00.42.47:384][  0]LogConfig: Setting CVar [[r.SkyAtmosphere.TransmittanceLUT.SampleCount:10.0]]
[2021.01.28-00.42.47:384][  0]LogConfig: Setting CVar [[r.SkyAtmosphere.MultiScatteringLUT.SampleCount:15.0]]
[2021.01.28-00.42.47:384][  0]LogConfig: Applying CVar settings from Section [FoliageQuality@3] File [C:/Users/gmlee/OneDrive/Documents/GitHub/GGJ2021/Saved/Config/Windows/Scalability.ini]
[2021.01.28-00.42.47:384][  0]LogConfig: Setting CVar [[foliage.DensityScale:1.0]]
[2021.01.28-00.42.47:384][  0]LogConfig: Setting CVar [[grass.DensityScale:1.0]]
[2021.01.28-00.42.47:384][  0]LogConfig: Applying CVar settings from Section [ShadingQuality@3] File [C:/Users/gmlee/OneDrive/Documents/GitHub/GGJ2021/Saved/Config/Windows/Scalability.ini]
[2021.01.28-00.42.47:384][  0]LogConfig: Setting CVar [[r.HairStrands.SkyLighting.SampleCount:16]]
[2021.01.28-00.42.47:384][  0]LogConfig: Setting CVar [[r.HairStrands.SkyLighting.JitterIntegration:0]]
[2021.01.28-00.42.47:384][  0]LogConfig: Setting CVar [[r.HairStrands.SkyAO.SampleCount:16]]
[2021.01.28-00.42.47:384][  0]LogConfig: Setting CVar [[r.HairStrands.DeepShadow.SuperSampling:0]]
[2021.01.28-00.42.47:384][  0]LogConfig: Setting CVar [[r.HairStrands.VisibilityPPLL:0]]
[2021.01.28-00.42.47:384][  0]LogConfig: Setting CVar [[r.HairStrands.RasterizationScale:0.5]]
[2021.01.28-00.42.47:384][  0]LogConfig: Setting CVar [[r.HairStrands.VelocityRasterizationScale:1]]
[2021.01.28-00.42.47:384][  0]LogInit: Selected Device Profile: [Windows]
[2021.01.28-00.42.47:384][  0]LogInit: Applying CVar settings loaded from the selected device profile: [Windows]
[2021.01.28-00.42.47:384][  0]LogHAL: Display: Platform has ~ 16 GB [16991240192 / 17179869184 / 16], which maps to Larger [LargestMinGB=32, LargerMinGB=12, DefaultMinGB=8, SmallerMinGB=6, SmallestMinGB=0)
[2021.01.28-00.42.47:384][  0]LogInit: Going up to parent DeviceProfile []
[2021.01.28-00.42.47:384][  0]LogConfig: Applying CVar settings from Section [ViewDistanceQuality@3] File [C:/Users/gmlee/OneDrive/Documents/GitHub/GGJ2021/Saved/Config/Windows/Scalability.ini]
[2021.01.28-00.42.47:384][  0]LogConfig: Setting CVar [[r.SkeletalMeshLODBias:0]]
[2021.01.28-00.42.47:384][  0]LogConfig: Setting CVar [[r.ViewDistanceScale:1.0]]
[2021.01.28-00.42.47:384][  0]LogConfig: Applying CVar settings from Section [AntiAliasingQuality@3] File [C:/Users/gmlee/OneDrive/Documents/GitHub/GGJ2021/Saved/Config/Windows/Scalability.ini]
[2021.01.28-00.42.47:384][  0]LogConfig: Setting CVar [[r.PostProcessAAQuality:4]]
[2021.01.28-00.42.47:384][  0]LogConfig: Applying CVar settings from Section [ShadowQuality@3] File [C:/Users/gmlee/OneDrive/Documents/GitHub/GGJ2021/Saved/Config/Windows/Scalability.ini]
[2021.01.28-00.42.47:384][  0]LogConfig: Setting CVar [[r.LightFunctionQuality:1]]
[2021.01.28-00.42.47:384][  0]LogConfig: Setting CVar [[r.ShadowQuality:5]]
[2021.01.28-00.42.47:384][  0]LogConfig: Setting CVar [[r.Shadow.CSM.MaxCascades:10]]
[2021.01.28-00.42.47:384][  0]LogConfig: Setting CVar [[r.Shadow.MaxResolution:2048]]
[2021.01.28-00.42.47:384][  0]LogConfig: Setting CVar [[r.Shadow.MaxCSMResolution:2048]]
[2021.01.28-00.42.47:384][  0]LogConfig: Setting CVar [[r.Shadow.RadiusThreshold:0.01]]
[2021.01.28-00.42.47:384][  0]LogConfig: Setting CVar [[r.Shadow.DistanceScale:1.0]]
[2021.01.28-00.42.47:384][  0]LogConfig: Setting CVar [[r.Shadow.CSM.TransitionScale:1.0]]
[2021.01.28-00.42.47:384][  0]LogConfig: Setting CVar [[r.Shadow.PreShadowResolutionFactor:1.0]]
[2021.01.28-00.42.47:384][  0]LogConfig: Setting CVar [[r.DistanceFieldShadowing:1]]
[2021.01.28-00.42.47:384][  0]LogConfig: Setting CVar [[r.DistanceFieldAO:1]]
[2021.01.28-00.42.47:384][  0]LogConfig: Setting CVar [[r.AOQuality:2]]
[2021.01.28-00.42.47:384][  0]LogConfig: Setting CVar [[r.VolumetricFog:1]]
[2021.01.28-00.42.47:384][  0]LogConfig: Setting CVar [[r.VolumetricFog.GridPixelSize:8]]
[2021.01.28-00.42.47:384][  0]LogConfig: Setting CVar [[r.VolumetricFog.GridSizeZ:128]]
[2021.01.28-00.42.47:384][  0]LogConfig: Setting CVar [[r.VolumetricFog.HistoryMissSupersampleCount:4]]
[2021.01.28-00.42.47:384][  0]LogConfig: Setting CVar [[r.LightMaxDrawDistanceScale:1]]
[2021.01.28-00.42.47:384][  0]LogConfig: Setting CVar [[r.CapsuleShadows:1]]
[2021.01.28-00.42.47:384][  0]LogConfig: Applying CVar settings from Section [PostProcessQuality@3] File [C:/Users/gmlee/OneDrive/Documents/GitHub/GGJ2021/Saved/Config/Windows/Scalability.ini]
[2021.01.28-00.42.47:384][  0]LogConfig: Setting CVar [[r.MotionBlurQuality:4]]
[2021.01.28-00.42.47:384][  0]LogConfig: Setting CVar [[r.AmbientOcclusionMipLevelFactor:0.4]]
[2021.01.28-00.42.47:384][  0]LogConfig: Setting CVar [[r.AmbientOcclusionMaxQuality:100]]
[2021.01.28-00.42.47:384][  0]LogConfig: Setting CVar [[r.AmbientOcclusionLevels:-1]]
[2021.01.28-00.42.47:384][  0]LogConfig: Setting CVar [[r.AmbientOcclusionRadiusScale:1.0]]
[2021.01.28-00.42.47:384][  0]LogConfig: Setting CVar [[r.DepthOfFieldQuality:2]]
[2021.01.28-00.42.47:384][  0]LogConfig: Setting CVar [[r.RenderTargetPoolMin:400]]
[2021.01.28-00.42.47:384][  0]LogConfig: Setting CVar [[r.LensFlareQuality:2]]
[2021.01.28-00.42.47:384][  0]LogConfig: Setting CVar [[r.SceneColorFringeQuality:1]]
[2021.01.28-00.42.47:384][  0]LogConfig: Setting CVar [[r.EyeAdaptationQuality:2]]
[2021.01.28-00.42.47:384][  0]LogConfig: Setting CVar [[r.BloomQuality:5]]
[2021.01.28-00.42.47:384][  0]LogConfig: Setting CVar [[r.FastBlurThreshold:100]]
[2021.01.28-00.42.47:384][  0]LogConfig: Setting CVar [[r.Upscale.Quality:3]]
[2021.01.28-00.42.47:384][  0]LogConfig: Setting CVar [[r.Tonemapper.GrainQuantization:1]]
[2021.01.28-00.42.47:384][  0]LogConfig: Setting CVar [[r.LightShaftQuality:1]]
[2021.01.28-00.42.47:384][  0]LogConfig: Setting CVar [[r.Filter.SizeScale:1]]
[2021.01.28-00.42.47:384][  0]LogConfig: Setting CVar [[r.Tonemapper.Quality:5]]
[2021.01.28-00.42.47:384][  0]LogConfig: Setting CVar [[r.DOF.Gather.AccumulatorQuality:1        ; higher gathering accumulator quality]]
[2021.01.28-00.42.47:384][  0]LogConfig: Setting CVar [[r.DOF.Gather.PostfilterMethod:1          ; Median3x3 postfilering method]]
[2021.01.28-00.42.47:385][  0]LogConfig: Setting CVar [[r.DOF.Gather.EnableBokehSettings:0       ; no bokeh simulation when gathering]]
[2021.01.28-00.42.47:385][  0]LogConfig: Setting CVar [[r.DOF.Gather.RingCount:4                 ; medium number of samples when gathering]]
[2021.01.28-00.42.47:385][  0]LogConfig: Setting CVar [[r.DOF.Scatter.ForegroundCompositing:1    ; additive foreground scattering]]
[2021.01.28-00.42.47:385][  0]LogConfig: Setting CVar [[r.DOF.Scatter.BackgroundCompositing:2    ; additive background scattering]]
[2021.01.28-00.42.47:385][  0]LogConfig: Setting CVar [[r.DOF.Scatter.EnableBokehSettings:1      ; bokeh simulation when scattering]]
[2021.01.28-00.42.47:385][  0]LogConfig: Setting CVar [[r.DOF.Scatter.MaxSpriteRatio:0.1         ; only a maximum of 10% of scattered bokeh]]
[2021.01.28-00.42.47:385][  0]LogConfig: Setting CVar [[r.DOF.Recombine.Quality:1                ; cheap slight out of focus]]
[2021.01.28-00.42.47:385][  0]LogConfig: Setting CVar [[r.DOF.Recombine.EnableBokehSettings:0    ; no bokeh simulation on slight out of focus]]
[2021.01.28-00.42.47:385][  0]LogConfig: Setting CVar [[r.DOF.TemporalAAQuality:1                ; more stable temporal accumulation]]
[2021.01.28-00.42.47:385][  0]LogConfig: Setting CVar [[r.DOF.Kernel.MaxForegroundRadius:0.025]]
[2021.01.28-00.42.47:385][  0]LogConfig: Setting CVar [[r.DOF.Kernel.MaxBackgroundRadius:0.025]]
[2021.01.28-00.42.47:385][  0]LogConfig: Applying CVar settings from Section [TextureQuality@3] File [C:/Users/gmlee/OneDrive/Documents/GitHub/GGJ2021/Saved/Config/Windows/Scalability.ini]
[2021.01.28-00.42.47:385][  0]LogConfig: Setting CVar [[r.Streaming.MipBias:0]]
[2021.01.28-00.42.47:385][  0]LogConfig: Setting CVar [[r.Streaming.AmortizeCPUToGPUCopy:0]]
[2021.01.28-00.42.47:385][  0]LogConfig: Setting CVar [[r.Streaming.MaxNumTexturesToStreamPerFrame:0]]
[2021.01.28-00.42.47:385][  0]LogConfig: Setting CVar [[r.Streaming.Boost:1]]
[2021.01.28-00.42.47:385][  0]LogConfig: Setting CVar [[r.MaxAnisotropy:8]]
[2021.01.28-00.42.47:385][  0]LogConfig: Setting CVar [[r.VT.MaxAnisotropy:8]]
[2021.01.28-00.42.47:385][  0]LogConfig: Setting CVar [[r.Streaming.LimitPoolSizeToVRAM:0]]
[2021.01.28-00.42.47:385][  0]LogConfig: Setting CVar [[r.Streaming.PoolSize:1000]]
[2021.01.28-00.42.47:385][  0]LogConfig: Setting CVar [[r.Streaming.MaxEffectiveScreenSize:0]]
[2021.01.28-00.42.47:385][  0]LogConfig: Applying CVar settings from Section [EffectsQuality@3] File [C:/Users/gmlee/OneDrive/Documents/GitHub/GGJ2021/Saved/Config/Windows/Scalability.ini]
[2021.01.28-00.42.47:385][  0]LogConfig: Setting CVar [[r.TranslucencyLightingVolumeDim:64]]
[2021.01.28-00.42.47:385][  0]LogConfig: Setting CVar [[r.RefractionQuality:2]]
[2021.01.28-00.42.47:385][  0]LogConfig: Setting CVar [[r.SSR.Quality:3]]
[2021.01.28-00.42.47:385][  0]LogConfig: Setting CVar [[r.SSR.HalfResSceneColor:0]]
[2021.01.28-00.42.47:385][  0]LogConfig: Setting CVar [[r.SceneColorFormat:4]]
[2021.01.28-00.42.47:385][  0]LogConfig: Setting CVar [[r.DetailMode:2]]
[2021.01.28-00.42.47:385][  0]LogConfig: Setting CVar [[r.TranslucencyVolumeBlur:1]]
[2021.01.28-00.42.47:385][  0]LogConfig: Setting CVar [[r.MaterialQualityLevel:1 ; High quality]]
[2021.01.28-00.42.47:385][  0]LogConfig: Setting CVar [[r.SSS.Scale:1]]
[2021.01.28-00.42.47:385][  0]LogConfig: Setting CVar [[r.SSS.SampleSet:2]]
[2021.01.28-00.42.47:385][  0]LogConfig: Setting CVar [[r.SSS.Quality:1]]
[2021.01.28-00.42.47:385][  0]LogConfig: Setting CVar [[r.SSS.HalfRes:0]]
[2021.01.28-00.42.47:385][  0]LogConfig: Setting CVar [[r.SSGI.Quality:3]]
[2021.01.28-00.42.47:385][  0]LogConfig: Setting CVar [[r.EmitterSpawnRateScale:1.0]]
[2021.01.28-00.42.47:385][  0]LogConfig: Setting CVar [[r.ParticleLightQuality:2]]
[2021.01.28-00.42.47:385][  0]LogConfig: Setting CVar [[r.SkyAtmosphere.AerialPerspectiveLUT.FastApplyOnOpaque:1 ; Always have FastSkyLUT 1 in this case to avoid wrong sky]]
[2021.01.28-00.42.47:385][  0]LogConfig: Setting CVar [[r.SkyAtmosphere.AerialPerspectiveLUT.SampleCountPerSlice:1]]
[2021.01.28-00.42.47:385][  0]LogConfig: Setting CVar [[r.SkyAtmosphere.AerialPerspectiveLUT.DepthResolution:16.0]]
[2021.01.28-00.42.47:385][  0]LogConfig: Setting CVar [[r.SkyAtmosphere.FastSkyLUT:1]]
[2021.01.28-00.42.47:385][  0]LogConfig: Setting CVar [[r.SkyAtmosphere.FastSkyLUT.SampleCountMin:4.0]]
[2021.01.28-00.42.47:385][  0]LogConfig: Setting CVar [[r.SkyAtmosphere.FastSkyLUT.SampleCountMax:32.0]]
[2021.01.28-00.42.47:385][  0]LogConfig: Setting CVar [[r.SkyAtmosphere.SampleCountMin:4.0]]
[2021.01.28-00.42.47:385][  0]LogConfig: Setting CVar [[r.SkyAtmosphere.SampleCountMax:32.0]]
[2021.01.28-00.42.47:385][  0]LogConfig: Setting CVar [[r.SkyAtmosphere.TransmittanceLUT.UseSmallFormat:0]]
[2021.01.28-00.42.47:385][  0]LogConfig: Setting CVar [[r.SkyAtmosphere.TransmittanceLUT.SampleCount:10.0]]
[2021.01.28-00.42.47:385][  0]LogConfig: Setting CVar [[r.SkyAtmosphere.MultiScatteringLUT.SampleCount:15.0]]
[2021.01.28-00.42.47:385][  0]LogConfig: Applying CVar settings from Section [FoliageQuality@3] File [C:/Users/gmlee/OneDrive/Documents/GitHub/GGJ2021/Saved/Config/Windows/Scalability.ini]
[2021.01.28-00.42.47:385][  0]LogConfig: Setting CVar [[foliage.DensityScale:1.0]]
[2021.01.28-00.42.47:385][  0]LogConfig: Setting CVar [[grass.DensityScale:1.0]]
[2021.01.28-00.42.47:385][  0]LogConfig: Applying CVar settings from Section [ShadingQuality@3] File [C:/Users/gmlee/OneDrive/Documents/GitHub/GGJ2021/Saved/Config/Windows/Scalability.ini]
[2021.01.28-00.42.47:385][  0]LogConfig: Setting CVar [[r.HairStrands.SkyLighting.SampleCount:16]]
[2021.01.28-00.42.47:385][  0]LogConfig: Setting CVar [[r.HairStrands.SkyLighting.JitterIntegration:0]]
[2021.01.28-00.42.47:385][  0]LogConfig: Setting CVar [[r.HairStrands.SkyAO.SampleCount:16]]
[2021.01.28-00.42.47:385][  0]LogConfig: Setting CVar [[r.HairStrands.DeepShadow.SuperSampling:0]]
[2021.01.28-00.42.47:385][  0]LogConfig: Setting CVar [[r.HairStrands.VisibilityPPLL:0]]
[2021.01.28-00.42.47:385][  0]LogConfig: Setting CVar [[r.HairStrands.RasterizationScale:0.5]]
[2021.01.28-00.42.47:385][  0]LogConfig: Setting CVar [[r.HairStrands.VelocityRasterizationScale:1]]
[2021.01.28-00.42.47:385][  0]LogConfig: Applying CVar settings from Section [Startup] File [../../../Engine/Config/ConsoleVariables.ini]
[2021.01.28-00.42.47:385][  0]LogConfig: Setting CVar [[net.UseAdaptiveNetUpdateFrequency:0]]
[2021.01.28-00.42.47:385][  0]LogConfig: Setting CVar [[p.chaos.AllowCreatePhysxBodies:1]]
[2021.01.28-00.42.47:385][  0]LogConfig: Setting CVar [[fx.SkipVectorVMBackendOptimizations:1]]
[2021.01.28-00.42.47:385][  0]LogConfig: Applying CVar settings from Section [ConsoleVariables] File [C:/Users/gmlee/OneDrive/Documents/GitHub/GGJ2021/Saved/Config/Windows/Engine.ini]
[2021.01.28-00.42.47:385][  0]LogInit: Computer: SIFUSNOTEBOOK
[2021.01.28-00.42.47:385][  0]LogInit: User: gmlee
[2021.01.28-00.42.47:385][  0]LogInit: CPU Page size=4096, Cores=6
[2021.01.28-00.42.47:385][  0]LogInit: High frequency timer resolution =10.000000 MHz
[2021.01.28-00.42.47:385][  0]LogMemory: Memory total: Physical=15.8GB (16GB approx)
[2021.01.28-00.42.47:385][  0]LogMemory: Platform Memory Stats for Windows
[2021.01.28-00.42.47:386][  0]LogMemory: Process Physical Memory: 114.33 MB used, 114.33 MB peak
[2021.01.28-00.42.47:386][  0]LogMemory: Process Virtual Memory: 97.09 MB used, 97.09 MB peak
[2021.01.28-00.42.47:386][  0]LogMemory: Physical Memory: 9471.85 MB used,  6732.26 MB free, 16204.11 MB total
[2021.01.28-00.42.47:386][  0]LogMemory: Virtual Memory: 5164.87 MB used,  134212560.00 MB free, 134217728.00 MB total
[2021.01.28-00.42.47:410][  0]LogWindows: WindowsPlatformFeatures enabled
[2021.01.28-00.42.47:434][  0]LogInit: Physics initialised using underlying interface: PhysX
[2021.01.28-00.42.47:435][  0]LogInit: Using OS detected language (en-US).
[2021.01.28-00.42.47:435][  0]LogInit: Using OS detected locale (en-US).
[2021.01.28-00.42.47:437][  0]LogTextLocalizationManager: No specific localization for 'en-US' exists, so the 'en' localization will be used.
[2021.01.28-00.42.47:585][  0]LogInit: Setting process to per monitor DPI aware
[2021.01.28-00.42.47:613][  0]LogSlate: New Slate User Created.  User Index 0, Is Virtual User: 0
[2021.01.28-00.42.47:613][  0]LogSlate: Slate User Registered.  User Index 0, Is Virtual User: 0
[2021.01.28-00.42.47:751][  0]LogHMD: Failed to initialize OpenVR with code 110
[2021.01.28-00.42.47:751][  0]LogD3D11RHI: D3D11 min allowed feature level: 11_0
[2021.01.28-00.42.47:752][  0]LogD3D11RHI: D3D11 max allowed feature level: 11_0
[2021.01.28-00.42.47:752][  0]LogD3D11RHI: D3D11 adapters:
[2021.01.28-00.42.47:828][  0]LogD3D11RHI:    0. 'NVIDIA GeForce RTX 2080 Super' (Feature Level 11_0)
[2021.01.28-00.42.47:828][  0]LogD3D11RHI:       8010/0/8102 MB DedicatedVideo/DedicatedSystem/SharedSystem, Outputs:2, VendorId:0x10de
[2021.01.28-00.42.47:858][  0]LogD3D11RHI:    1. 'Intel(R) UHD Graphics' (Feature Level 11_0)
[2021.01.28-00.42.47:858][  0]LogD3D11RHI:       128/0/8102 MB DedicatedVideo/DedicatedSystem/SharedSystem, Outputs:0, VendorId:0x8086
[2021.01.28-00.42.47:860][  0]LogD3D11RHI:    2. 'Microsoft Basic Render Driver' (Feature Level 11_0)
[2021.01.28-00.42.47:860][  0]LogD3D11RHI:       0/0/8102 MB DedicatedVideo/DedicatedSystem/SharedSystem, Outputs:0, VendorId:0x1414
[2021.01.28-00.42.47:860][  0]LogD3D11RHI: Chosen D3D11 Adapter: 0
[2021.01.28-00.42.47:876][  0]LogD3D11RHI: Creating new Direct3DDevice
[2021.01.28-00.42.47:876][  0]LogD3D11RHI:     GPU DeviceId: 0x1e93 (for the marketing name, search the web for "GPU Device Id")
[2021.01.28-00.42.47:876][  0]LogWindows: EnumDisplayDevices:
[2021.01.28-00.42.47:876][  0]LogWindows:    0. 'Intel(R) UHD Graphics' (P:1 D:1)
[2021.01.28-00.42.47:877][  0]LogWindows:    1. 'Intel(R) UHD Graphics' (P:0 D:0)
[2021.01.28-00.42.47:877][  0]LogWindows:    2. 'Intel(R) UHD Graphics' (P:0 D:0)
[2021.01.28-00.42.47:877][  0]LogWindows:    3. 'NVIDIA GeForce RTX 2080 Super' (P:0 D:1)
[2021.01.28-00.42.47:877][  0]LogWindows:    4. 'NVIDIA GeForce RTX 2080 Super' (P:0 D:0)
[2021.01.28-00.42.47:877][  0]LogWindows:    5. 'NVIDIA GeForce RTX 2080 Super' (P:0 D:0)
[2021.01.28-00.42.47:877][  0]LogWindows:    6. 'NVIDIA GeForce RTX 2080 Super' (P:0 D:0)
[2021.01.28-00.42.47:877][  0]LogWindows: DebugString: PrimaryIsNotTheChoosenAdapter PrimaryIsNotTheChoosenAdapter PrimaryIsNotTheChoosenAdapter FoundDriverCount:4 
[2021.01.28-00.42.47:877][  0]LogD3D11RHI:     Adapter Name: NVIDIA GeForce RTX 2080 Super
[2021.01.28-00.42.47:877][  0]LogD3D11RHI:   Driver Version: 442.76 (internal:26.21.14.4276, unified:442.76)
[2021.01.28-00.42.47:877][  0]LogD3D11RHI:      Driver Date: 3-15-2020
[2021.01.28-00.42.47:877][  0]LogRHI: Texture pool is 5607 MB (70% of 8010 MB)
[2021.01.28-00.42.47:918][  0]LogD3D11RHI: RHI has support for 64 bit atomics
[2021.01.28-00.42.47:918][  0]LogD3D11RHI: Async texture creation enabled
[2021.01.28-00.42.47:918][  0]LogD3D11RHI: Array index from any shader is supported
[2021.01.28-00.42.47:931][  0]LogD3D11RHI: GPU Timing Frequency: 1000.000000 (Debug: 2 1)
[2021.01.28-00.42.48:176][  0]LogTargetPlatformManager: Display: Loaded TargetPlatform 'AllDesktop'
[2021.01.28-00.42.48:194][  0]LogTargetPlatformManager: Display: Loaded TargetPlatform 'Android'
[2021.01.28-00.42.48:194][  0]LogTargetPlatformManager: Display: Loaded TargetPlatform 'Android_ASTC'
[2021.01.28-00.42.48:194][  0]LogTargetPlatformManager: Display: Loaded TargetPlatform 'Android_DXT'
[2021.01.28-00.42.48:194][  0]LogTargetPlatformManager: Display: Loaded TargetPlatform 'Android_ETC2'
[2021.01.28-00.42.48:194][  0]LogTargetPlatformManager: Display: Loaded TargetPlatform 'AndroidClient'
[2021.01.28-00.42.48:194][  0]LogTargetPlatformManager: Display: Loaded TargetPlatform 'Android_ASTCClient'
[2021.01.28-00.42.48:194][  0]LogTargetPlatformManager: Display: Loaded TargetPlatform 'Android_DXTClient'
[2021.01.28-00.42.48:194][  0]LogTargetPlatformManager: Display: Loaded TargetPlatform 'Android_ETC2Client'
[2021.01.28-00.42.48:194][  0]LogTargetPlatformManager: Display: Loaded TargetPlatform 'Android_Multi'
[2021.01.28-00.42.48:194][  0]LogTargetPlatformManager: Display: Loaded TargetPlatform 'Android_MultiClient'
[2021.01.28-00.42.48:213][  0]LogTargetPlatformManager: Display: Loaded TargetPlatform 'IOSClient'
[2021.01.28-00.42.48:213][  0]LogTargetPlatformManager: Display: Loaded TargetPlatform 'IOS'
[2021.01.28-00.42.48:221][  0]LogTargetPlatformManager: Display: Loaded TargetPlatform 'Linux'
[2021.01.28-00.42.48:228][  0]LogTargetPlatformManager: Display: Loaded TargetPlatform 'LinuxNoEditor'
[2021.01.28-00.42.48:235][  0]LogTargetPlatformManager: Display: Loaded TargetPlatform 'LinuxClient'
[2021.01.28-00.42.48:243][  0]LogTargetPlatformManager: Display: Loaded TargetPlatform 'LinuxServer'
[2021.01.28-00.42.48:250][  0]LogTargetPlatformManager: Display: Loaded TargetPlatform 'LinuxAArch64NoEditor'
[2021.01.28-00.42.48:258][  0]LogTargetPlatformManager: Display: Loaded TargetPlatform 'LinuxAArch64Client'
[2021.01.28-00.42.48:266][  0]LogTargetPlatformManager: Display: Loaded TargetPlatform 'LinuxAArch64Server'
[2021.01.28-00.42.48:288][  0]LogTargetPlatformManager: Display: Loaded TargetPlatform 'Lumin'
[2021.01.28-00.42.48:288][  0]LogTargetPlatformManager: Display: Loaded TargetPlatform 'LuminClient'
[2021.01.28-00.42.48:302][  0]LogTargetPlatformManager: Display: Loaded TargetPlatform 'TVOSClient'
[2021.01.28-00.42.48:302][  0]LogTargetPlatformManager: Display: Loaded TargetPlatform 'TVOS'
[2021.01.28-00.42.48:309][  0]LogTargetPlatformManager: Display: Loaded TargetPlatform 'WindowsNoEditor'
[2021.01.28-00.42.48:317][  0]LogTargetPlatformManager: Display: Loaded TargetPlatform 'Windows'
[2021.01.28-00.42.48:324][  0]LogTargetPlatformManager: Display: Loaded TargetPlatform 'WindowsClient'
[2021.01.28-00.42.48:331][  0]LogTargetPlatformManager: Display: Loaded TargetPlatform 'WindowsServer'
[2021.01.28-00.42.48:331][  0]LogTargetPlatformManager: Display: Building Assets For Windows
[2021.01.28-00.42.48:336][  0]LogAudioDebug: Display: Lib vorbis DLL was dynamically loaded.
[2021.01.28-00.42.48:383][  0]LogShaderCompilers: Guid format shader working directory is -17 characters bigger than the processId version (../../../../../../Users/gmlee/OneDrive/Documents/GitHub/GGJ2021/Intermediate/Shaders/WorkingDirectory/5736/).
[2021.01.28-00.42.48:384][  0]LogShaderCompilers: Cleaned the shader compiler working directory 'C:/Users/gmlee/AppData/Local/Temp/UnrealShaderWorkingDir/F22691734FABADF7E464B6B241F000D6/'.
[2021.01.28-00.42.48:384][  0]LogXGEController: Cannot use XGE Controller as Incredibuild is not installed on this machine.
[2021.01.28-00.42.48:384][  0]LogShaderCompilers: Cannot use XGE Shader Compiler as Incredibuild is not installed on this machine.
[2021.01.28-00.42.48:384][  0]LogShaderCompilers: Display: Using Local Shader Compiler.
[2021.01.28-00.42.49:029][  0]LogDerivedDataCache: Display: Max Cache Size: 512 MB
[2021.01.28-00.42.49:076][  0]LogDerivedDataCache: Loaded boot cache 0.05s 76MB C:/Users/gmlee/AppData/Local/UnrealEngine/4.25/DerivedDataCache/Boot.ddc.
[2021.01.28-00.42.49:076][  0]LogDerivedDataCache: Display: Loaded Boot cache: C:/Users/gmlee/AppData/Local/UnrealEngine/4.25/DerivedDataCache/Boot.ddc
[2021.01.28-00.42.49:077][  0]LogDerivedDataCache: FDerivedDataBackendGraph:  Pak pak cache file ../../../../../../Users/gmlee/OneDrive/Documents/GitHub/GGJ2021/DerivedDataCache/DDC.ddp not found, will not use a pak cache.
[2021.01.28-00.42.49:077][  0]LogDerivedDataCache: Unable to find inner node Pak for hierarchical cache Hierarchy.
[2021.01.28-00.42.49:077][  0]LogDerivedDataCache: FDerivedDataBackendGraph:  CompressedPak pak cache file ../../../../../../Users/gmlee/OneDrive/Documents/GitHub/GGJ2021/DerivedDataCache/Compressed.ddp not found, will not use a pak cache.
[2021.01.28-00.42.49:077][  0]LogDerivedDataCache: Unable to find inner node CompressedPak for hierarchical cache Hierarchy.
[2021.01.28-00.42.49:085][  0]LogDerivedDataCache: Display: Pak cache opened for reading ../../../Engine/DerivedDataCache/Compressed.ddp.
[2021.01.28-00.42.49:085][  0]LogDerivedDataCache: FDerivedDataBackendGraph:  EnterprisePak pak cache file ../../../Enterprise/DerivedDataCache/Compressed.ddp not found, will not use a pak cache.
[2021.01.28-00.42.49:085][  0]LogDerivedDataCache: Unable to find inner node EnterprisePak for hierarchical cache Hierarchy.
[2021.01.28-00.42.49:086][  0]LogDerivedDataCache: Using Local data cache path C:/Users/gmlee/AppData/Local/UnrealEngine/Common/DerivedDataCache: Writable
[2021.01.28-00.42.49:086][  0]LogDerivedDataCache: Shared data cache path not found in *engine.ini, will not use an Shared cache.
[2021.01.28-00.42.49:086][  0]LogDerivedDataCache: Unable to find inner node Shared for hierarchical cache Hierarchy.
[2021.01.28-00.42.49:130][  0]LogSlate: Using FreeType 2.10.0
[2021.01.28-00.42.49:130][  0]LogSlate: SlateFontServices - WITH_FREETYPE: 1, WITH_HARFBUZZ: 1
[2021.01.28-00.42.49:151][  0]LogAssetRegistry: FAssetRegistry took 0.0021 seconds to start up
[2021.01.28-00.42.49:339][  0]LogInit: Selected Device Profile: [Windows]
[2021.01.28-00.42.49:434][  0]LogMeshReduction: Using QuadricMeshReduction for automatic static mesh reduction
[2021.01.28-00.42.49:434][  0]LogMeshReduction: Using SimplygonMeshReduction for automatic skeletal mesh reduction
[2021.01.28-00.42.49:434][  0]LogMeshReduction: Using ProxyLODMeshReduction for automatic mesh merging
[2021.01.28-00.42.49:434][  0]LogMeshReduction: No distributed automatic mesh merging module available
[2021.01.28-00.42.49:434][  0]LogMeshMerging: No distributed automatic mesh merging module available
[2021.01.28-00.42.49:446][  0]LogNetVersion: GGJ2021 1.0.0, NetCL: 13144385, EngineNetVer: 14, GameNetVer: 0 (Checksum: 2975722061)
[2021.01.28-00.42.49:782][  0]LogAISub: UAISubsystem::UAISubsystem AISubsystem (0000024D1AC29BC0), frame # 0
[2021.01.28-00.42.49:782][  0]LogAISub: UAISubsystem::UAISubsystem AIPerceptionSystem (0000024D1AB7EAC0), frame # 0
[2021.01.28-00.42.49:783][  0]LogAISub: UAISubsystem::UAISubsystem EnvQueryManager (0000024D1ABCDE00), frame # 0
[2021.01.28-00.42.49:816][  0]LogPackageLocalizationCache: Processed 19 localized package path(s) for 1 prioritized culture(s) in 0.028477 seconds
[2021.01.28-00.42.49:821][  0]LogUObjectArray: 15917 objects as part of root set at end of initial load.
[2021.01.28-00.42.49:821][  0]LogUObjectAllocator: 3965568 out of 0 bytes used by permanent object pool.
[2021.01.28-00.42.49:821][  0]LogUObjectArray: CloseDisregardForGC: 0/0 objects in disregard for GC pool
[2021.01.28-00.42.50:089][  0]LogTcpMessaging: Initializing TcpMessaging bridge
[2021.01.28-00.42.50:093][  0]LogUdpMessaging: Initializing bridge on interface 0.0.0.0:0 to multicast group 230.0.0.1:6666.
[2021.01.28-00.42.50:152][  0]SourceControl: Source control is disabled
[2021.01.28-00.42.50:152][  0]SourceControl: Source control is disabled
[2021.01.28-00.42.50:154][  0]SourceControl: Source control is disabled
[2021.01.28-00.42.50:156][  0]SourceControl: Source control is disabled
[2021.01.28-00.42.50:161][  0]SourceControl: Source control is disabled
[2021.01.28-00.42.50:344][  0]LogAndroidPermission: UAndroidPermissionCallbackProxy::GetInstance
[2021.01.28-00.42.50:359][  0]LogAudioCaptureCore: Display: No Audio Capture implementations found. Audio input will be silent.
[2021.01.28-00.42.50:359][  0]LogAudioCaptureCore: Display: No Audio Capture implementations found. Audio input will be silent.
[2021.01.28-00.42.50:403][  0]LogOcInput: OculusInput pre-init called
[2021.01.28-00.42.50:414][  0]LogWindows: Failed to load 'OVRPlugin.dll' (GetLastError=126)
[2021.01.28-00.42.50:414][  0]LogWindows: File 'OVRPlugin.dll' does not exist
[2021.01.28-00.42.50:468][  0]LogEngine: Initializing Engine...
[2021.01.28-00.42.50:470][  0]LogHMD: Failed to initialize OpenVR with code 110
[2021.01.28-00.42.50:470][  0]LogMagicLeap: Warning: VR disabled because ZI is not enabled.  To enable, in the editor, Edit -> Project Settings -> Plugins -> Magic Leap Plugin -> Enable Zero Iteration
[2021.01.28-00.42.50:471][  0]LogStats: UGameplayTagsManager::InitializeManager -  0.000 s
[2021.01.28-00.42.50:572][  0]LogInit: Initializing FReadOnlyCVARCache
[2021.01.28-00.42.50:579][  0]LogAIModule: Creating AISystem for world Untitled
[2021.01.28-00.42.50:579][  0]LogAISub: UAISubsystem::UAISubsystem EnvQueryManager (0000024D20C4C600), frame # 0
[2021.01.28-00.42.50:579][  0]LogAISub: UAISubsystem::UAISubsystem AIPerceptionSystem (0000024D20C36FC0), frame # 0
[2021.01.28-00.42.50:594][  0]LogAudioMixer: Display: Audio Mixer Platform Settings:
[2021.01.28-00.42.50:594][  0]LogAudioMixer: Display: 	Sample Rate:						  48000
[2021.01.28-00.42.50:594][  0]LogAudioMixer: Display: 	Callback Buffer Frame Size Requested: 1024
[2021.01.28-00.42.50:594][  0]LogAudioMixer: Display: 	Callback Buffer Frame Size To Use:	  1024
[2021.01.28-00.42.50:594][  0]LogAudioMixer: Display: 	Number of buffers to queue:			  2
[2021.01.28-00.42.50:594][  0]LogAudioMixer: Display: 	Max Channels (voices):				  32
[2021.01.28-00.42.50:594][  0]LogAudioMixer: Display: 	Number of Async Source Workers:		  0
[2021.01.28-00.42.50:594][  0]LogAudio: Display: AudioDevice MaxSources: 32
[2021.01.28-00.42.50:595][  0]LogAudio: Display: Using built-in audio occlusion.
[2021.01.28-00.42.50:595][  0]LogAudioMixer: Display: Initializing audio mixer.
[2021.01.28-00.42.50:653][  0]LogAudioMixer: Display: 0: FrontLeft
[2021.01.28-00.42.50:653][  0]LogAudioMixer: Display: 1: FrontRight
[2021.01.28-00.42.50:653][  0]LogAudioMixer: Display: 2: FrontCenter
[2021.01.28-00.42.50:653][  0]LogAudioMixer: Display: 3: LowFrequency
[2021.01.28-00.42.50:653][  0]LogAudioMixer: Display: 4: BackLeft
[2021.01.28-00.42.50:653][  0]LogAudioMixer: Display: 5: BackRight
[2021.01.28-00.42.50:653][  0]LogAudioMixer: Display: 6: SideLeft
[2021.01.28-00.42.50:653][  0]LogAudioMixer: Display: 7: SideRight
[2021.01.28-00.42.50:820][  0]LogAudioMixer: Display: Using Audio Device Realtek HD Audio 2nd output (3- Realtek(R) Audio)
[2021.01.28-00.42.50:823][  0]LogAudioMixer: Display: Initializing Sound Submixes...
[2021.01.28-00.42.50:825][  0]LogAudioMixer: Display: Creating Master Submix 'MasterSubmixDefault'
[2021.01.28-00.42.50:825][  0]LogAudioMixer: Display: Creating Master Submix 'MasterReverbSubmixDefault'
[2021.01.28-00.42.50:826][  0]LogAudioMixer: Display: Creating Master Submix 'MasterEQSubmixDefault'
[2021.01.28-00.42.50:826][  0]LogInit: FAudioDevice initialized.
[2021.01.28-00.42.50:827][  0]LogNetVersion: Set ProjectVersion to 1.0.0.0. Version Checksum will be recalculated on next use.
[2021.01.28-00.42.50:872][  0]LogDerivedDataCache: Saved boot cache 0.04s 76MB C:/Users/gmlee/AppData/Local/UnrealEngine/4.25/DerivedDataCache/Boot.ddc.
[2021.01.28-00.42.50:872][  0]LogInit: Texture streaming: Enabled
[2021.01.28-00.42.50:885][  0]LogEngineSessionManager: EngineSessionManager initialized
[2021.01.28-00.42.50:885][  0]LogEditorSessionSummary: Verbose: Initializing EditorSessionSummaryWriter for editor session tracking
[2021.01.28-00.42.50:886][  0]LogEditorSessionSummary: EditorSessionSummaryWriter initialized
[2021.01.28-00.42.50:920][  0]LogInit: Transaction tracking system initialized
[2021.01.28-00.42.50:938][  0]BlueprintLog: New page: Editor Load
[2021.01.28-00.42.50:991][  0]LocalizationService: Localization service is disabled
[2021.01.28-00.42.51:112][  0]LogFileCache: Scanning file cache for directory 'C:/Users/gmlee/OneDrive/Documents/GitHub/GGJ2021/Content/' took 0.00s
[2021.01.28-00.42.51:112][  0]LogCook: Display: Max memory allowance for cook 16384mb min free memory 0mb
[2021.01.28-00.42.51:112][  0]LogCook: Display: Mobile HDR setting 1
[2021.01.28-00.42.51:362][  0]SourceControl: Source control is disabled
[2021.01.28-00.42.51:362][  0]LogUnrealEdMisc: Loading editor; pre map load, took 5.298
[2021.01.28-00.42.51:363][  0]Cmd: MAP LOAD FILE="../../../../../../Users/gmlee/OneDrive/Documents/GitHub/GGJ2021/Content/Maps/Test.umap" TEMPLATE=0 SHOWPROGRESS=1 FEATURELEVEL=3
[2021.01.28-00.42.51:363][  0]LightingResults: New page: Lighting Build
[2021.01.28-00.42.51:363][  0]LogWorld: UWorld::CleanupWorld for Untitled, bSessionEnded=true, bCleanupResources=true
[2021.01.28-00.42.51:363][  0]LogSlate: InvalidateAllWidgets triggered.  All widgets were invalidated
[2021.01.28-00.42.51:364][  0]MapCheck: New page: Map Check
[2021.01.28-00.42.51:364][  0]LightingResults: New page: Lighting Build
[2021.01.28-00.42.51:373][  0]LogAISub: UAISubsystem::~UAISubsystem EnvQueryManager (0000024D20C4C600), frame # 0
[2021.01.28-00.42.51:373][  0]LogAISub: UAISubsystem::~UAISubsystem AIPerceptionSystem (0000024D20C36FC0), frame # 0
[2021.01.28-00.42.51:374][  0]LogUObjectHash: Compacting FUObjectHashTables data took   0.54ms
[2021.01.28-00.42.51:418][  0]LogLinker: Warning: While loading '../../../../../../Users/gmlee/OneDrive/Documents/GitHub/GGJ2021/Content/Maps/Test.umap' failed to load '/Game/Maps/Test_BuiltData': Can't find file.
[2021.01.28-00.42.51:418][  0]LogLinker: Warning: While loading '../../../../../../Users/gmlee/OneDrive/Documents/GitHub/GGJ2021/Content/Maps/Test.umap' failed to load '/Game/Maps/Test_BuiltData': Can't find file.
[2021.01.28-00.42.51:419][  0]LogLinker: Warning: While loading '../../../../../../Users/gmlee/OneDrive/Documents/GitHub/GGJ2021/Content/Maps/Test.umap' failed to load '/Game/Maps/Test_BuiltData': Can't find file.
[2021.01.28-00.42.51:420][  0]LogLinker: Warning: While loading '../../../../../../Users/gmlee/OneDrive/Documents/GitHub/GGJ2021/Content/Maps/Test.umap' failed to load '/Game/Maps/Test_BuiltData': Can't find file.
[2021.01.28-00.42.51:422][  0]LogLinker: Warning: While loading '../../../../../../Users/gmlee/OneDrive/Documents/GitHub/GGJ2021/Content/Maps/Test.umap' failed to load '/Game/Maps/Test_BuiltData': Can't find file.
[2021.01.28-00.42.51:422][  0]LoadErrors: Failed to load /Game/Maps/Test_BuiltData.Test_BuiltData Referenced by PersistentLevel
[2021.01.28-00.42.51:422][  0]LogLinker: Warning: While loading '../../../../../../Users/gmlee/OneDrive/Documents/GitHub/GGJ2021/Content/Maps/Test.umap' failed to load '/Game/Maps/Test_BuiltData': Can't find file.
[2021.01.28-00.42.51:422][  0]LoadErrors: Failed to load /Game/Maps/Test_BuiltData.Test_BuiltData Referenced by PersistentLevel
[2021.01.28-00.42.51:431][  0]LogAIModule: Creating AISystem for world Test
[2021.01.28-00.42.51:431][  0]LogAISub: UAISubsystem::UAISubsystem EnvQueryManager (0000024D21767E00), frame # 0
[2021.01.28-00.42.51:431][  0]LogAISub: UAISubsystem::UAISubsystem AIPerceptionSystem (0000024D21801BC0), frame # 0
[2021.01.28-00.42.51:437][  0]LogEditorServer: Finished looking for orphan Actors (0.000 secs)
[2021.01.28-00.42.51:449][  0]LogUObjectHash: Compacting FUObjectHashTables data took   1.14ms
[2021.01.28-00.42.51:449][  0]Cmd: MAP CHECKDEP NOCLEARLOG
[2021.01.28-00.42.51:449][  0]MapCheck: Map check complete: 0 Error(s), 0 Warning(s), took 0.139ms to complete.
[2021.01.28-00.42.51:449][  0]LogFileHelpers: Loading map 'Test' took 0.087
[2021.01.28-00.42.51:451][  0]LogUnrealEdMisc: Total Editor Startup Time, took 5.387
[2021.01.28-00.42.51:579][  0]LogSlate: Updating window title bar state: overlay mode, drag disabled, window buttons hidden, title bar hidden
[2021.01.28-00.42.51:586][  0]LogSlate: Updating window title bar state: overlay mode, drag disabled, window buttons hidden, title bar hidden
[2021.01.28-00.42.51:593][  0]LogSlate: Updating window title bar state: overlay mode, drag disabled, window buttons hidden, title bar hidden
[2021.01.28-00.42.51:599][  0]LogSlate: Updating window title bar state: overlay mode, drag disabled, window buttons hidden, title bar hidden
[2021.01.28-00.42.51:607][  0]LogCollectionManager: Loaded 0 collections in 0.001256 seconds
[2021.01.28-00.42.51:636][  0]LogFileCache: Scanning file cache for directory 'C:/Users/gmlee/OneDrive/Documents/GitHub/GGJ2021/Saved/Collections/' took 0.00s
[2021.01.28-00.42.51:636][  0]LogFileCache: Scanning file cache for directory 'C:/Users/gmlee/OneDrive/Documents/GitHub/GGJ2021/Content/Developers/gmlee/Collections/' took 0.00s
[2021.01.28-00.42.51:636][  0]LogFileCache: Scanning file cache for directory 'C:/Users/gmlee/OneDrive/Documents/GitHub/GGJ2021/Content/Collections/' took 0.00s
[2021.01.28-00.42.51:636][  0]LogContentBrowser: Native class hierarchy populated in 0.0083 seconds. Added 3427 classes and 821 folders.
[2021.01.28-00.42.51:643][  0]LogContentBrowser: Native class hierarchy updated for 'WidgetCarousel' in 0.0003 seconds. Added 0 classes and 0 folders.
[2021.01.28-00.42.51:689][  0]LogContentBrowser: Native class hierarchy updated for 'AddContentDialog' in 0.0003 seconds. Added 0 classes and 0 folders.
[2021.01.28-00.42.51:693][  0]LogContentBrowser: Native class hierarchy updated for 'SceneOutliner' in 0.0003 seconds. Added 2 classes and 0 folders.
[2021.01.28-00.42.51:768][  0]LogSlate: Took 0.000126 seconds to synchronously load lazily loaded font '../../../Engine/Content/Slate/Fonts/Roboto-Regular.ttf' (155K)
[2021.01.28-00.42.51:769][  0]LogSlate: Took 0.000104 seconds to synchronously load lazily loaded font '../../../Engine/Content/Slate/Fonts/Roboto-Bold.ttf' (160K)
[2021.01.28-00.42.51:775][  0]LogSlate: Took 0.000392 seconds to synchronously load lazily loaded font '../../../Engine/Content/Editor/Slate/Fonts/FontAwesome.ttf' (139K)
[2021.01.28-00.42.51:848][  0]LogRenderer: Reallocating scene render targets to support 1208x572 Format 10 NumSamples 1 (Frame:1).
[2021.01.28-00.42.52:096][  0]LogSlate: Window 'Tutorials' being destroyed
[2021.01.28-00.42.52:106][  0]LogContentBrowser: Native class hierarchy updated for 'HierarchicalLODOutliner' in 0.0003 seconds. Added 0 classes and 0 folders.
[2021.01.28-00.42.52:106][  0]LogLoad: (Engine Initialization) Total time: 6.04 seconds
[2021.01.28-00.42.52:107][  0]LogLoad: (Engine Initialization) Total Blueprint compile time: 0.00 seconds
[2021.01.28-00.42.52:148][  0]LogAssetRegistry: Asset discovery search completed in 2.9975 seconds
[2021.01.28-00.42.52:152][  0]LogCollectionManager: Fixed up redirectors for 0 collections in 0.000002 seconds (updated 0 objects)
[2021.01.28-00.42.52:154][  0]LogContentStreaming: Texture pool size now 1000 MB
[2021.01.28-00.42.52:202][  0]LogSlate: Took 0.000518 seconds to synchronously load lazily loaded font '../../../Engine/Content/Slate/Fonts/Roboto-Light.ttf' (167K)
[2021.01.28-00.42.52:207][  0]LogSlate: Took 0.000471 seconds to synchronously load lazily loaded font '../../../Engine/Content/Slate/Fonts/DroidSansMono.ttf' (77K)
[2021.01.28-00.43.06:268][834]LogSlate: Window 'Message Log' being destroyed
[2021.01.28-00.43.06:271][834]LogSlate: Window 'Message Log' being destroyed
[2021.01.28-00.43.09:131][998]LogSlate: Window 'Tutorials' being destroyed
[2021.01.28-00.43.17:155][480]LogTemp: Repeating last play command: Selected Viewport
[2021.01.28-00.43.17:168][480]LogPlayLevel: PlayLevel: No blueprints needed recompiling
[2021.01.28-00.43.17:172][480]PIE: New page: PIE session: Test (Jan 27, 2021, 10:43:17 AM)
[2021.01.28-00.43.17:174][480]LogOnline: OSS: Creating online subsystem instance for: NULL
[2021.01.28-00.43.17:176][480]LogOnline: OSS: TryLoadSubsystemAndSetDefault: Loaded subsystem for module [NULL]
[2021.01.28-00.43.17:177][480]LogPlayLevel: Creating play world package: /Game/Maps/UEDPIE_0_Test
[2021.01.28-00.43.17:182][480]LogPlayLevel: PIE: StaticDuplicateObject took: (0.004403s)
[2021.01.28-00.43.17:183][480]LogAIModule: Creating AISystem for world Test
[2021.01.28-00.43.17:183][480]LogAISub: UAISubsystem::UAISubsystem EnvQueryManager (0000024D398D7E00), frame # 1480
[2021.01.28-00.43.17:183][480]LogAISub: UAISubsystem::UAISubsystem AIPerceptionSystem (0000024D398D9E40), frame # 1480
[2021.01.28-00.43.17:183][480]LogPlayLevel: PIE: World Init took: (0.001675s)
[2021.01.28-00.43.17:183][480]LogPlayLevel: PIE: Created PIE world by copying editor world from /Game/Maps/Test.Test to /Game/Maps/UEDPIE_0_Test.Test (0.006292s)
[2021.01.28-00.43.17:199][480]LogUObjectHash: Compacting FUObjectHashTables data took   0.69ms
[2021.01.28-00.43.17:201][480]LogAudioMixer: Display: Audio Mixer Platform Settings:
[2021.01.28-00.43.17:201][480]LogAudioMixer: Display: 	Sample Rate:						  48000
[2021.01.28-00.43.17:201][480]LogAudioMixer: Display: 	Callback Buffer Frame Size Requested: 1024
[2021.01.28-00.43.17:201][480]LogAudioMixer: Display: 	Callback Buffer Frame Size To Use:	  1024
[2021.01.28-00.43.17:201][480]LogAudioMixer: Display: 	Number of buffers to queue:			  2
[2021.01.28-00.43.17:201][480]LogAudioMixer: Display: 	Max Channels (voices):				  32
[2021.01.28-00.43.17:201][480]LogAudioMixer: Display: 	Number of Async Source Workers:		  0
[2021.01.28-00.43.17:201][480]LogAudio: Display: AudioDevice MaxSources: 32
[2021.01.28-00.43.17:201][480]LogAudio: Display: Using built-in audio occlusion.
[2021.01.28-00.43.17:201][480]LogAudioMixer: Display: Initializing audio mixer.
[2021.01.28-00.43.17:204][480]LogAudioMixer: Display: 0: FrontLeft
[2021.01.28-00.43.17:204][480]LogAudioMixer: Display: 1: FrontRight
[2021.01.28-00.43.17:204][480]LogAudioMixer: Display: 2: FrontCenter
[2021.01.28-00.43.17:204][480]LogAudioMixer: Display: 3: LowFrequency
[2021.01.28-00.43.17:204][480]LogAudioMixer: Display: 4: BackLeft
[2021.01.28-00.43.17:204][480]LogAudioMixer: Display: 5: BackRight
[2021.01.28-00.43.17:204][480]LogAudioMixer: Display: 6: SideLeft
[2021.01.28-00.43.17:204][480]LogAudioMixer: Display: 7: SideRight
[2021.01.28-00.43.17:236][480]LogAudioMixer: Display: Using Audio Device Realtek HD Audio 2nd output (3- Realtek(R) Audio)
[2021.01.28-00.43.17:236][480]LogAudioMixer: Display: Initializing Sound Submixes...
[2021.01.28-00.43.17:236][480]LogAudioMixer: Display: Creating Master Submix 'MasterSubmixDefault'
[2021.01.28-00.43.17:236][480]LogAudioMixer: Display: Creating Master Submix 'MasterReverbSubmixDefault'
[2021.01.28-00.43.17:237][480]LogAudioMixer: Display: Creating Master Submix 'MasterEQSubmixDefault'
[2021.01.28-00.43.17:249][480]LogInit: FAudioDevice initialized.
[2021.01.28-00.43.17:272][480]LogLoad: Game class is 'GM_FPS_C'
[2021.01.28-00.43.17:278][480]LogWorld: Bringing World /Game/Maps/UEDPIE_0_Test.Test up for play (max tick rate 60) at 2021.01.27-17.43.17
[2021.01.28-00.43.17:279][480]LogWorld: Bringing up level for play took: 0.000792
[2021.01.28-00.43.17:279][480]LogOnline: OSS: Creating online subsystem instance for: :Context_1
[2021.01.28-00.43.17:289][480]LogContentBrowser: Native class hierarchy updated for 'MovieSceneCapture' in 0.0003 seconds. Added 20 classes and 0 folders.
[2021.01.28-00.43.17:298][480]PIE: Server logged in
[2021.01.28-00.43.17:300][480]PIE: Play in editor total start time 0.135 seconds.
[2021.01.28-00.43.40:755][885]LogSlate: Updating window title bar state: overlay mode, drag disabled, window buttons hidden, title bar hidden
[2021.01.28-00.43.40:755][885]LogWorld: BeginTearingDown for /Game/Maps/UEDPIE_0_Test
[2021.01.28-00.43.40:755][885]LogWorld: UWorld::CleanupWorld for Test, bSessionEnded=true, bCleanupResources=true
[2021.01.28-00.43.40:755][885]LogSlate: InvalidateAllWidgets triggered.  All widgets were invalidated
[2021.01.28-00.43.40:765][885]LogPlayLevel: Display: Shutting down PIE online subsystems
[2021.01.28-00.43.40:766][885]LogSlate: InvalidateAllWidgets triggered.  All widgets were invalidated
[2021.01.28-00.43.40:802][885]LogSlate: Updating window title bar state: overlay mode, drag disabled, window buttons hidden, title bar hidden
[2021.01.28-00.43.40:804][885]LogAISub: UAISubsystem::~UAISubsystem EnvQueryManager (0000024D398D7E00), frame # 2885
[2021.01.28-00.43.40:804][885]LogAISub: UAISubsystem::~UAISubsystem AIPerceptionSystem (0000024D398D9E40), frame # 2885
[2021.01.28-00.43.40:805][885]LogUObjectHash: Compacting FUObjectHashTables data took   0.88ms
[2021.01.28-00.43.40:850][887]LogPlayLevel: Display: Destroying online subsystem :Context_1
[2021.01.28-00.44.06:246][410]LogTemp: Repeating last play command: Selected Viewport
[2021.01.28-00.44.06:254][410]LogPlayLevel: PlayLevel: No blueprints needed recompiling
[2021.01.28-00.44.06:254][410]PIE: New page: PIE session: Test (Jan 27, 2021, 10:44:06 AM)
[2021.01.28-00.44.06:255][410]LogPlayLevel: Creating play world package: /Game/Maps/UEDPIE_0_Test
[2021.01.28-00.44.06:256][410]LogPlayLevel: PIE: StaticDuplicateObject took: (0.001604s)
[2021.01.28-00.44.06:257][410]LogAIModule: Creating AISystem for world Test
[2021.01.28-00.44.06:257][410]LogAISub: UAISubsystem::UAISubsystem EnvQueryManager (0000024D478BD200), frame # 4410
[2021.01.28-00.44.06:259][410]LogAISub: UAISubsystem::UAISubsystem AIPerceptionSystem (0000024D39AE60C0), frame # 4410
[2021.01.28-00.44.06:259][410]LogPlayLevel: PIE: World Init took: (0.002613s)
[2021.01.28-00.44.06:259][410]LogPlayLevel: PIE: Created PIE world by copying editor world from /Game/Maps/Test.Test to /Game/Maps/UEDPIE_0_Test.Test (0.004329s)
[2021.01.28-00.44.06:268][410]LogUObjectHash: Compacting FUObjectHashTables data took   0.64ms
[2021.01.28-00.44.06:269][410]LogAudioMixer: Display: Audio Mixer Platform Settings:
[2021.01.28-00.44.06:269][410]LogAudioMixer: Display: 	Sample Rate:						  48000
[2021.01.28-00.44.06:269][410]LogAudioMixer: Display: 	Callback Buffer Frame Size Requested: 1024
[2021.01.28-00.44.06:269][410]LogAudioMixer: Display: 	Callback Buffer Frame Size To Use:	  1024
[2021.01.28-00.44.06:269][410]LogAudioMixer: Display: 	Number of buffers to queue:			  2
[2021.01.28-00.44.06:269][410]LogAudioMixer: Display: 	Max Channels (voices):				  32
[2021.01.28-00.44.06:269][410]LogAudioMixer: Display: 	Number of Async Source Workers:		  0
[2021.01.28-00.44.06:269][410]LogAudio: Display: AudioDevice MaxSources: 32
[2021.01.28-00.44.06:270][410]LogAudio: Display: Using built-in audio occlusion.
[2021.01.28-00.44.06:270][410]LogAudioMixer: Display: Initializing audio mixer.
[2021.01.28-00.44.06:273][410]LogAudioMixer: Display: 0: FrontLeft
[2021.01.28-00.44.06:273][410]LogAudioMixer: Display: 1: FrontRight
[2021.01.28-00.44.06:273][410]LogAudioMixer: Display: 2: FrontCenter
[2021.01.28-00.44.06:273][410]LogAudioMixer: Display: 3: LowFrequency
[2021.01.28-00.44.06:273][410]LogAudioMixer: Display: 4: BackLeft
[2021.01.28-00.44.06:273][410]LogAudioMixer: Display: 5: BackRight
[2021.01.28-00.44.06:273][410]LogAudioMixer: Display: 6: SideLeft
[2021.01.28-00.44.06:274][410]LogAudioMixer: Display: 7: SideRight
[2021.01.28-00.44.06:305][410]LogAudioMixer: Display: Using Audio Device Realtek HD Audio 2nd output (3- Realtek(R) Audio)
[2021.01.28-00.44.06:305][410]LogAudioMixer: Display: Initializing Sound Submixes...
[2021.01.28-00.44.06:305][410]LogAudioMixer: Display: Creating Master Submix 'MasterSubmixDefault'
[2021.01.28-00.44.06:305][410]LogAudioMixer: Display: Creating Master Submix 'MasterReverbSubmixDefault'
[2021.01.28-00.44.06:305][410]LogAudioMixer: Display: Creating Master Submix 'MasterEQSubmixDefault'
[2021.01.28-00.44.06:317][410]LogInit: FAudioDevice initialized.
[2021.01.28-00.44.06:329][410]LogLoad: Game class is 'GM_FPS_C'
[2021.01.28-00.44.06:330][410]LogWorld: Bringing World /Game/Maps/UEDPIE_0_Test.Test up for play (max tick rate 60) at 2021.01.27-17.44.06
[2021.01.28-00.44.06:330][410]LogWorld: Bringing up level for play took: 0.000435
[2021.01.28-00.44.06:330][410]LogOnline: OSS: Creating online subsystem instance for: :Context_2
[2021.01.28-00.44.06:332][410]PIE: Server logged in
[2021.01.28-00.44.06:333][410]PIE: Play in editor total start time 0.08 seconds.
[2021.01.28-00.46.03:373][430]LogSlate: Updating window title bar state: overlay mode, drag disabled, window buttons hidden, title bar hidden
[2021.01.28-00.46.03:373][430]LogWorld: BeginTearingDown for /Game/Maps/UEDPIE_0_Test
[2021.01.28-00.46.03:373][430]LogWorld: UWorld::CleanupWorld for Test, bSessionEnded=true, bCleanupResources=true
[2021.01.28-00.46.03:373][430]LogSlate: InvalidateAllWidgets triggered.  All widgets were invalidated
[2021.01.28-00.46.03:379][430]LogPlayLevel: Display: Shutting down PIE online subsystems
[2021.01.28-00.46.03:380][430]LogSlate: InvalidateAllWidgets triggered.  All widgets were invalidated
[2021.01.28-00.46.03:389][430]LogSlate: Updating window title bar state: overlay mode, drag disabled, window buttons hidden, title bar hidden
[2021.01.28-00.46.03:407][430]LogAISub: UAISubsystem::~UAISubsystem AIPerceptionSystem (0000024D39AE60C0), frame # 11430
[2021.01.28-00.46.03:407][430]LogAISub: UAISubsystem::~UAISubsystem EnvQueryManager (0000024D478BD200), frame # 11430
[2021.01.28-00.46.03:408][430]LogUObjectHash: Compacting FUObjectHashTables data took   0.59ms
[2021.01.28-00.46.03:450][432]LogPlayLevel: Display: Destroying online subsystem :Context_2
[2021.01.28-00.46.21:488][510]LogSlate: Took 0.000109 seconds to synchronously load lazily loaded font '../../../Engine/Content/Slate/Fonts/Roboto-Light.ttf' (167K)
[2021.01.28-00.46.21:501][510]LogAssetEditorSubsystem: Opening Asset editor for World /Game/Maps/Test.Test
[2021.01.28-00.46.21:509][510]LogUObjectHash: Compacting FUObjectHashTables data took   0.49ms
[2021.01.28-00.46.21:510][510]Cmd: MAP LOAD FILE="../../../../../../Users/gmlee/OneDrive/Documents/GitHub/GGJ2021/Content/Maps/Test.umap" TEMPLATE=0 SHOWPROGRESS=1 FEATURELEVEL=3
[2021.01.28-00.46.21:511][510]LightingResults: New page: Lighting Build
[2021.01.28-00.46.21:511][510]LoadErrors: New page: Loading map: Test.umap
[2021.01.28-00.46.21:511][510]LogWorld: UWorld::CleanupWorld for Test, bSessionEnded=true, bCleanupResources=true
[2021.01.28-00.46.21:511][510]LogSlate: InvalidateAllWidgets triggered.  All widgets were invalidated
[2021.01.28-00.46.21:512][510]MapCheck: New page: Map Check
[2021.01.28-00.46.21:512][510]LightingResults: New page: Lighting Build
[2021.01.28-00.46.21:521][510]LogAISub: UAISubsystem::~UAISubsystem EnvQueryManager (0000024D21767E00), frame # 12510
[2021.01.28-00.46.21:521][510]LogAISub: UAISubsystem::~UAISubsystem AIPerceptionSystem (0000024D21801BC0), frame # 12510
[2021.01.28-00.46.21:521][510]LogUObjectHash: Compacting FUObjectHashTables data took   0.52ms
[2021.01.28-00.46.21:523][510]LogLinker: Warning: While loading '../../../../../../Users/gmlee/OneDrive/Documents/GitHub/GGJ2021/Content/Maps/Test.umap' failed to load '/Game/Maps/Test_BuiltData': Can't find file.
[2021.01.28-00.46.21:523][510]LogLinker: Warning: While loading '../../../../../../Users/gmlee/OneDrive/Documents/GitHub/GGJ2021/Content/Maps/Test.umap' failed to load '/Game/Maps/Test_BuiltData': Can't find file.
[2021.01.28-00.46.21:524][510]LogLinker: Warning: While loading '../../../../../../Users/gmlee/OneDrive/Documents/GitHub/GGJ2021/Content/Maps/Test.umap' failed to load '/Game/Maps/Test_BuiltData': Can't find file.
[2021.01.28-00.46.21:524][510]LogLinker: Warning: While loading '../../../../../../Users/gmlee/OneDrive/Documents/GitHub/GGJ2021/Content/Maps/Test.umap' failed to load '/Game/Maps/Test_BuiltData': Can't find file.
[2021.01.28-00.46.21:525][510]LogLinker: Warning: While loading '../../../../../../Users/gmlee/OneDrive/Documents/GitHub/GGJ2021/Content/Maps/Test.umap' failed to load '/Game/Maps/Test_BuiltData': Can't find file.
[2021.01.28-00.46.21:525][510]LoadErrors: Failed to load /Game/Maps/Test_BuiltData.Test_BuiltData Referenced by PersistentLevel
[2021.01.28-00.46.21:525][510]LogLinker: Warning: While loading '../../../../../../Users/gmlee/OneDrive/Documents/GitHub/GGJ2021/Content/Maps/Test.umap' failed to load '/Game/Maps/Test_BuiltData': Can't find file.
[2021.01.28-00.46.21:527][510]LogAIModule: Creating AISystem for world Test
[2021.01.28-00.46.21:527][510]LogAISub: UAISubsystem::UAISubsystem EnvQueryManager (0000024D20C4C600), frame # 12510
[2021.01.28-00.46.21:527][510]LogAISub: UAISubsystem::UAISubsystem AIPerceptionSystem (0000024D21802200), frame # 12510
[2021.01.28-00.46.21:529][510]LogEditorServer: Finished looking for orphan Actors (0.000 secs)
[2021.01.28-00.46.21:570][510]LogUObjectHash: Compacting FUObjectHashTables data took   0.66ms
[2021.01.28-00.46.21:583][510]Cmd: MAP CHECKDEP NOCLEARLOG
[2021.01.28-00.46.21:583][510]MapCheck: Map check complete: 0 Error(s), 0 Warning(s), took 0.088ms to complete.
[2021.01.28-00.46.21:583][510]LogFileHelpers: Loading map 'Test' took 0.072
[2021.01.28-00.46.23:532][626]LogSlate: Window 'Message Log' being destroyed
[2021.01.28-00.46.23:535][626]LogSlate: Window 'Message Log' being destroyed
[2021.01.28-00.46.34:034][255]LogAssetEditorSubsystem: Opening Asset editor for Blueprint /Game/Blueprints/GameModes/GM_FPS.GM_FPS
[2021.01.28-00.46.34:189][255]LogContentBrowser: Native class hierarchy updated for 'BlueprintGraph' in 0.0005 seconds. Added 125 classes and 0 folders.
[2021.01.28-00.46.39:325][516]LogSlate: Window 'GM_FPS' being destroyed
[2021.01.28-00.46.39:328][516]LogSlate: Window 'GM_FPS' being destroyed
[2021.01.28-00.46.39:336][516]LogWorld: UWorld::CleanupWorld for World_0, bSessionEnded=true, bCleanupResources=true
[2021.01.28-00.46.39:336][516]LogSlate: InvalidateAllWidgets triggered.  All widgets were invalidated
[2021.01.28-00.46.43:213][746]LogAssetEditorSubsystem: Opening Asset editor for Blueprint /Game/Blueprints/BP_Player.BP_Player
[2021.01.28-00.46.43:513][746]LogSlate: Took 0.000200 seconds to synchronously load lazily loaded font '../../../Engine/Content/Slate/Fonts/Roboto-BoldCondensed.ttf' (158K)
[2021.01.28-00.46.43:564][747]LogSlate: Took 0.000531 seconds to synchronously load lazily loaded font '../../../Engine/Content/Slate/Fonts/Roboto-Italic.ttf' (157K)
[2021.01.28-00.52.12:297][219]LogSlate: Window 'BP_Player' being destroyed
[2021.01.28-00.52.12:300][219]LogSlate: Window 'BP_Player' being destroyed
[2021.01.28-00.52.12:342][219]LogWorld: UWorld::CleanupWorld for World_1, bSessionEnded=true, bCleanupResources=true
[2021.01.28-00.52.12:342][219]LogSlate: InvalidateAllWidgets triggered.  All widgets were invalidated
